<?xml version="1.0" encoding="UTF-8"?>
<testng-results ignored="0" total="1" passed="1" failed="0" skipped="0">
  <reporter-output>
  </reporter-output>
  <suite started-at="2021-04-20T12:49:44 IST" name="Default suite" finished-at="2021-04-20T12:50:40 IST" duration-ms="56009">
    <groups>
      <group name="cucumber">
        <method signature="AbstractTestNGCucumberTests.feature(cucumber.api.testng.CucumberFeatureWrapper)[pri:0, instance:opencartRunner.OpencartRunnerFile@5ab956d7]" name="feature" class="cucumber.api.testng.AbstractTestNGCucumberTests"/>
      </group> <!-- cucumber -->
    </groups>
    <test started-at="2021-04-20T12:49:44 IST" name="Default test" finished-at="2021-04-20T12:50:40 IST" duration-ms="56009">
      <class name="opencartRunner.OpencartRunnerFile">
        <test-method is-config="true" signature="setUpClass()[pri:0, instance:opencartRunner.OpencartRunnerFile@5ab956d7]" started-at="2021-04-20T12:49:44 IST" name="setUpClass" finished-at="2021-04-20T12:49:46 IST" duration-ms="2192" status="PASS">
          <reporter-output>
          </reporter-output>
        </test-method> <!-- setUpClass -->
        <test-method signature="feature(cucumber.api.testng.CucumberFeatureWrapper)[pri:0, instance:opencartRunner.OpencartRunnerFile@5ab956d7]" started-at="2021-04-20T12:49:47 IST" name="feature" description="Runs Cucumber Feature" data-provider="features" finished-at="2021-04-20T12:50:38 IST" duration-ms="51469" status="PASS">
          <params>
            <param index="0">
              <value>
                <![CDATA[Create Account and login]]>
              </value>
            </param>
          </params>
          <reporter-output>
          </reporter-output>
        </test-method> <!-- feature -->
        <test-method is-config="true" signature="tearDownClass()[pri:0, instance:opencartRunner.OpencartRunnerFile@5ab956d7]" started-at="2021-04-20T12:50:38 IST" name="tearDownClass" finished-at="2021-04-20T12:50:40 IST" duration-ms="1753" status="PASS">
          <reporter-output>
          </reporter-output>
        </test-method> <!-- tearDownClass -->
      </class> <!-- opencartRunner.OpencartRunnerFile -->
    </test> <!-- Default test -->
  </suite> <!-- Default suite -->
</testng-results>
